<?xml version="1.0" encoding="UTF-8"?>
<!-- Generated by org.testng.reporters.JUnitXMLReporter -->
<testsuite ignored="0" hostname="INLPF2SCXYT" failures="1" tests="4" name="MyTest" time="0.116" errors="0" timestamp="2024-01-15T08:43:48 GMT">
  <testcase classname="Selenium.Selenium.TestNGBasics" name="testMethod1" time="0.026">
    <failure type="java.lang.AssertionError" message="expected [Employee Name] but found [skluivbnm]">
      <![CDATA[java.lang.AssertionError: expected [Employee Name] but found [skluivbnm]
at Selenium.Selenium.TestNGBasics.testMethod1(TestNGBasics.java:37)
at java.base/java.util.ArrayList.forEach(ArrayList.java:1511)
... Removed 33 stack frames]]>
    </failure>
  </testcase> <!-- testMethod1 -->
  <testcase classname="Selenium.Selenium.TestNGBasics" name="testMethod2" time="0.0">
    <skipped/>
  </testcase> <!-- testMethod2 -->
  <testcase classname="Selenium.Selenium.TestNGBasics2" name="testMethod1" time="0.002"/>
  <testcase classname="Selenium.Selenium.TestNGBasics2" name="testMethod2" time="0.003"/>
</testsuite> <!-- MyTest -->
